Build started 5/15/2020 5:51:51 PM.
     1>Project "F:\2\files\New folder (2)\file\oop\oop.vcxproj" on node 2 (build target(s)).
     1>InitializeBuildStatus:
         Creating "Debug\oop.unsuccessfulbuild" because "AlwaysCreate" was specified.
       ClCompile:
         C:\Program Files (x86)\Microsoft Visual Studio 10.0\VC\bin\CL.exe /c /ZI /nologo /W3 /WX- /Od /Oy- /D _MBCS /Gm /EHsc /RTC1 /MDd /GS /fp:precise /Zc:wchar_t /Zc:forScope /Fo"Debug\\" /Fd"Debug\vc100.pdb" /Gd /TP /analyze- /errorReport:prompt fies.cpp
         fies.cpp
     1>f:\2\files\new folder (2)\file\oop\fies.cpp(28): warning C4101: 'pp' : unreferenced local variable
     1>f:\2\files\new folder (2)\file\oop\fies.cpp(280): warning C4129: 'd' : unrecognized character escape sequence
       Link:
         C:\Program Files (x86)\Microsoft Visual Studio 10.0\VC\bin\link.exe /ERRORREPORT:PROMPT /OUT:"F:\2\files\New folder (2)\file\Debug\oop.exe" /NOLOGO kernel32.lib user32.lib gdi32.lib winspool.lib comdlg32.lib advapi32.lib shell32.lib ole32.lib oleaut32.lib uuid.lib odbc32.lib odbccp32.lib /MANIFEST /ManifestFile:"Debug\oop.exe.intermediate.manifest" /MANIFESTUAC:"level='asInvoker' uiAccess='false'" /DEBUG /PDB:"F:\2\files\New folder (2)\file\Debug\oop.pdb" /TLBID:1 /DYNAMICBASE /NXCOMPAT /IMPLIB:"F:\2\files\New folder (2)\file\Debug\oop.lib" /MACHINE:X86 Debug\fies.obj
         LINK : F:\2\files\New folder (2)\file\Debug\oop.exe not found or not built by the last incremental link; performing full link
         oop.vcxproj -> F:\2\files\New folder (2)\file\Debug\oop.exe
       Manifest:
         C:\Program Files (x86)\Microsoft SDKs\Windows\v7.0A\bin\mt.exe /nologo /verbose /outputresource:"F:\2\files\New folder (2)\file\Debug\oop.exe;#1" /manifest Debug\oop.exe.intermediate.manifest
       FinalizeBuildStatus:
         Deleting file "Debug\oop.unsuccessfulbuild".
         Touching "Debug\oop.lastbuildstate".
     1>Done Building Project "F:\2\files\New folder (2)\file\oop\oop.vcxproj" (build target(s)).

Build succeeded.

Time Elapsed 00:00:02.86
